<?xml version="1.0" encoding="UTF-8"?>
<testng-results ignored="0" total="4" passed="4" failed="0" skipped="0">
  <reporter-output>
  </reporter-output>
  <suite started-at="2025-01-24T08:03:08 IST" name="Default suite" finished-at="2025-01-24T08:03:49 IST" duration-ms="41159">
    <groups>
      <group name="cucumber">
        <method signature="AbstractTestNGCucumberTests.runScenario(io.cucumber.testng.PickleWrapper,io.cucumber.testng.FeatureWrapper)[pri:0, instance:runner.RunnerTest@3c19aaa5]" name="runScenario" class="io.cucumber.testng.AbstractTestNGCucumberTests"/>
      </group> <!-- cucumber -->
    </groups>
    <test started-at="2025-01-24T08:03:08 IST" name="Default test" finished-at="2025-01-24T08:03:49 IST" duration-ms="41159">
      <class name="runner.RunnerTest">
        <test-method is-config="true" signature="setUpClass(org.testng.ITestContext)[pri:0, instance:runner.RunnerTest@3c19aaa5]" started-at="2025-01-24T08:03:08 IST" name="setUpClass" finished-at="2025-01-24T08:03:14 IST" duration-ms="6574" status="PASS">
          <params>
            <param index="0">
              <value>
                <![CDATA[org.testng.TestRunner@5bb7643d]]>
              </value>
            </param>
          </params>
          <reporter-output>
          </reporter-output>
        </test-method> <!-- setUpClass -->
        <test-method signature="runScenario(io.cucumber.testng.PickleWrapper,io.cucumber.testng.FeatureWrapper)[pri:0, instance:runner.RunnerTest@3c19aaa5]" started-at="2025-01-24T08:03:14 IST" name="runScenario" description="Runs Cucumber Scenarios" data-provider="scenarios" finished-at="2025-01-24T08:03:23 IST" duration-ms="8043" status="PASS">
          <params>
            <param index="0">
              <value>
                <![CDATA["validate Login Functionality by entering username"]]>
              </value>
            </param>
            <param index="1">
              <value>
                <![CDATA["Test Orange HRM Application"]]>
              </value>
            </param>
          </params>
          <reporter-output>
          </reporter-output>
        </test-method> <!-- runScenario -->
        <test-method signature="runScenario(io.cucumber.testng.PickleWrapper,io.cucumber.testng.FeatureWrapper)[pri:0, instance:runner.RunnerTest@3c19aaa5]" started-at="2025-01-24T08:03:23 IST" name="runScenario" description="Runs Cucumber Scenarios" data-provider="scenarios" finished-at="2025-01-24T08:03:30 IST" duration-ms="7966" status="PASS">
          <params>
            <param index="0">
              <value>
                <![CDATA["validate Login Functionality by entering password"]]>
              </value>
            </param>
            <param index="1">
              <value>
                <![CDATA["Test Orange HRM Application"]]>
              </value>
            </param>
          </params>
          <reporter-output>
          </reporter-output>
        </test-method> <!-- runScenario -->
        <test-method signature="runScenario(io.cucumber.testng.PickleWrapper,io.cucumber.testng.FeatureWrapper)[pri:0, instance:runner.RunnerTest@3c19aaa5]" started-at="2025-01-24T08:03:30 IST" name="runScenario" description="Runs Cucumber Scenarios" data-provider="scenarios" finished-at="2025-01-24T08:03:40 IST" duration-ms="9513" status="PASS">
          <params>
            <param index="0">
              <value>
                <![CDATA["validate Login Functionality by entering invalid credentails"]]>
              </value>
            </param>
            <param index="1">
              <value>
                <![CDATA["Test Orange HRM Application"]]>
              </value>
            </param>
          </params>
          <reporter-output>
          </reporter-output>
        </test-method> <!-- runScenario -->
        <test-method signature="runScenario(io.cucumber.testng.PickleWrapper,io.cucumber.testng.FeatureWrapper)[pri:0, instance:runner.RunnerTest@3c19aaa5]" started-at="2025-01-24T08:03:40 IST" name="runScenario" description="Runs Cucumber Scenarios" data-provider="scenarios" finished-at="2025-01-24T08:03:49 IST" duration-ms="9017" status="PASS">
          <params>
            <param index="0">
              <value>
                <![CDATA["validate Login Functionality by entering valid credentails"]]>
              </value>
            </param>
            <param index="1">
              <value>
                <![CDATA["Test Orange HRM Application"]]>
              </value>
            </param>
          </params>
          <reporter-output>
          </reporter-output>
        </test-method> <!-- runScenario -->
        <test-method is-config="true" signature="tearDownClass()[pri:0, instance:runner.RunnerTest@3c19aaa5]" started-at="2025-01-24T08:03:49 IST" name="tearDownClass" finished-at="2025-01-24T08:03:49 IST" duration-ms="3" status="PASS">
          <reporter-output>
          </reporter-output>
        </test-method> <!-- tearDownClass -->
      </class> <!-- runner.RunnerTest -->
    </test> <!-- Default test -->
  </suite> <!-- Default suite -->
</testng-results>
