<?xml version="1.0" encoding="UTF-8"?>
<testng-results ignored="0" total="7" passed="7" failed="0" skipped="0">
  <reporter-output>
  </reporter-output>
  <suite started-at="2025-01-24T20:10:09 IST" name="Default suite" finished-at="2025-01-24T20:12:35 IST" duration-ms="145808">
    <groups>
      <group name="cucumber">
        <method signature="AbstractTestNGCucumberTests.runScenario(io.cucumber.testng.PickleWrapper,io.cucumber.testng.FeatureWrapper)[pri:0, instance:runner.RunnerTest@3eb738bb]" name="runScenario" class="io.cucumber.testng.AbstractTestNGCucumberTests"/>
      </group> <!-- cucumber -->
    </groups>
    <test started-at="2025-01-24T20:10:09 IST" name="Default test" finished-at="2025-01-24T20:12:35 IST" duration-ms="145808">
      <class name="runner.RunnerTest">
        <test-method is-config="true" signature="setUpClass(org.testng.ITestContext)[pri:0, instance:runner.RunnerTest@3eb738bb]" started-at="2025-01-24T20:10:09 IST" name="setUpClass" finished-at="2025-01-24T20:10:39 IST" duration-ms="29540" status="PASS">
          <params>
            <param index="0">
              <value>
                <![CDATA[org.testng.TestRunner@6be7bf6d]]>
              </value>
            </param>
          </params>
          <reporter-output>
          </reporter-output>
        </test-method> <!-- setUpClass -->
        <test-method signature="runScenario(io.cucumber.testng.PickleWrapper,io.cucumber.testng.FeatureWrapper)[pri:0, instance:runner.RunnerTest@3eb738bb]" started-at="2025-01-24T20:10:39 IST" name="runScenario" description="Runs Cucumber Scenarios" data-provider="scenarios" finished-at="2025-01-24T20:10:54 IST" duration-ms="15093" status="PASS">
          <params>
            <param index="0">
              <value>
                <![CDATA["validate Login Functionality by entering username"]]>
              </value>
            </param>
            <param index="1">
              <value>
                <![CDATA["Test Orange HRM Application"]]>
              </value>
            </param>
          </params>
          <reporter-output>
          </reporter-output>
        </test-method> <!-- runScenario -->
        <test-method signature="runScenario(io.cucumber.testng.PickleWrapper,io.cucumber.testng.FeatureWrapper)[pri:0, instance:runner.RunnerTest@3eb738bb]" started-at="2025-01-24T20:10:54 IST" name="runScenario" description="Runs Cucumber Scenarios" data-provider="scenarios" finished-at="2025-01-24T20:11:05 IST" duration-ms="11456" status="PASS">
          <params>
            <param index="0">
              <value>
                <![CDATA["validate Login Functionality by entering password"]]>
              </value>
            </param>
            <param index="1">
              <value>
                <![CDATA["Test Orange HRM Application"]]>
              </value>
            </param>
          </params>
          <reporter-output>
          </reporter-output>
        </test-method> <!-- runScenario -->
        <test-method signature="runScenario(io.cucumber.testng.PickleWrapper,io.cucumber.testng.FeatureWrapper)[pri:0, instance:runner.RunnerTest@3eb738bb]" started-at="2025-01-24T20:11:06 IST" name="runScenario" description="Runs Cucumber Scenarios" data-provider="scenarios" finished-at="2025-01-24T20:11:22 IST" duration-ms="16019" status="PASS">
          <params>
            <param index="0">
              <value>
                <![CDATA["validate Login Functionality by entering invalid credentails"]]>
              </value>
            </param>
            <param index="1">
              <value>
                <![CDATA["Test Orange HRM Application"]]>
              </value>
            </param>
          </params>
          <reporter-output>
          </reporter-output>
        </test-method> <!-- runScenario -->
        <test-method signature="runScenario(io.cucumber.testng.PickleWrapper,io.cucumber.testng.FeatureWrapper)[pri:0, instance:runner.RunnerTest@3eb738bb]" started-at="2025-01-24T20:11:22 IST" name="runScenario" description="Runs Cucumber Scenarios" data-provider="scenarios" finished-at="2025-01-24T20:11:35 IST" duration-ms="13163" status="PASS">
          <params>
            <param index="0">
              <value>
                <![CDATA["validate Login Functionality by entering valid credentails"]]>
              </value>
            </param>
            <param index="1">
              <value>
                <![CDATA["Test Orange HRM Application"]]>
              </value>
            </param>
          </params>
          <reporter-output>
          </reporter-output>
        </test-method> <!-- runScenario -->
        <test-method signature="runScenario(io.cucumber.testng.PickleWrapper,io.cucumber.testng.FeatureWrapper)[pri:0, instance:runner.RunnerTest@3eb738bb]" started-at="2025-01-24T20:11:35 IST" name="runScenario" description="Runs Cucumber Scenarios" data-provider="scenarios" finished-at="2025-01-24T20:11:54 IST" duration-ms="19529" status="PASS">
          <params>
            <param index="0">
              <value>
                <![CDATA["Validate HomePage Funtionality"]]>
              </value>
            </param>
            <param index="1">
              <value>
                <![CDATA["Test Orange HRM Application"]]>
              </value>
            </param>
          </params>
          <reporter-output>
          </reporter-output>
        </test-method> <!-- runScenario -->
        <test-method signature="runScenario(io.cucumber.testng.PickleWrapper,io.cucumber.testng.FeatureWrapper)[pri:0, instance:runner.RunnerTest@3eb738bb]" started-at="2025-01-24T20:11:54 IST" name="runScenario" description="Runs Cucumber Scenarios" data-provider="scenarios" finished-at="2025-01-24T20:12:12 IST" duration-ms="17358" status="PASS">
          <params>
            <param index="0">
              <value>
                <![CDATA["Valdiate Pim Page Functionlaity"]]>
              </value>
            </param>
            <param index="1">
              <value>
                <![CDATA["Test Orange HRM Application"]]>
              </value>
            </param>
          </params>
          <reporter-output>
          </reporter-output>
        </test-method> <!-- runScenario -->
        <test-method signature="runScenario(io.cucumber.testng.PickleWrapper,io.cucumber.testng.FeatureWrapper)[pri:0, instance:runner.RunnerTest@3eb738bb]" started-at="2025-01-24T20:12:12 IST" name="runScenario" description="Runs Cucumber Scenarios" data-provider="scenarios" finished-at="2025-01-24T20:12:34 IST" duration-ms="22445" status="PASS">
          <params>
            <param index="0">
              <value>
                <![CDATA["Enter Employ Personal Information"]]>
              </value>
            </param>
            <param index="1">
              <value>
                <![CDATA["Test Orange HRM Application"]]>
              </value>
            </param>
          </params>
          <reporter-output>
          </reporter-output>
        </test-method> <!-- runScenario -->
        <test-method is-config="true" signature="tearDownClass()[pri:0, instance:runner.RunnerTest@3eb738bb]" started-at="2025-01-24T20:12:34 IST" name="tearDownClass" finished-at="2025-01-24T20:12:35 IST" duration-ms="400" status="PASS">
          <reporter-output>
          </reporter-output>
        </test-method> <!-- tearDownClass -->
      </class> <!-- runner.RunnerTest -->
    </test> <!-- Default test -->
  </suite> <!-- Default suite -->
</testng-results>
